<?xml version="1.0" encoding="UTF-8"?>
<testsuite name="CalculadoraTest" tests="1000" skipped="0" failures="0" errors="0" timestamp="2023-03-08T17:35:08" hostname="DESKTOP-3ORMF5C" time="1.641">
  <properties/>
  <testcase name="multiplicando: 0" classname="CalculadoraTest" time="0.027"/>
  <testcase name="multiplicando: 1" classname="CalculadoraTest" time="0.001"/>
  <testcase name="multiplicando: 2" classname="CalculadoraTest" time="0.001"/>
  <testcase name="multiplicando: 3" classname="CalculadoraTest" time="0.001"/>
  <testcase name="multiplicando: 4" classname="CalculadoraTest" time="0.001"/>
  <testcase name="multiplicando: 5" classname="CalculadoraTest" time="0.002"/>
  <testcase name="multiplicando: 6" classname="CalculadoraTest" time="0.001"/>
  <testcase name="multiplicando: 7" classname="CalculadoraTest" time="0.003"/>
  <testcase name="multiplicando: 8" classname="CalculadoraTest" time="0.001"/>
  <testcase name="multiplicando: 9" classname="CalculadoraTest" time="0.002"/>
  <testcase name="multiplicando: 10" classname="CalculadoraTest" time="0.005"/>
  <testcase name="multiplicando: 11" classname="CalculadoraTest" time="0.001"/>
  <testcase name="multiplicando: 12" classname="CalculadoraTest" time="0.001"/>
  <testcase name="multiplicando: 13" classname="CalculadoraTest" time="0.001"/>
  <testcase name="multiplicando: 14" classname="CalculadoraTest" time="0.004"/>
  <testcase name="multiplicando: 15" classname="CalculadoraTest" time="0.001"/>
  <testcase name="multiplicando: 16" classname="CalculadoraTest" time="0.001"/>
  <testcase name="multiplicando: 17" classname="CalculadoraTest" time="0.002"/>
  <testcase name="multiplicando: 18" classname="CalculadoraTest" time="0.002"/>
  <testcase name="multiplicando: 19" classname="CalculadoraTest" time="0.001"/>
  <testcase name="multiplicando: 20" classname="CalculadoraTest" time="0.001"/>
  <testcase name="multiplicando: 21" classname="CalculadoraTest" time="0.001"/>
  <testcase name="multiplicando: 22" classname="CalculadoraTest" time="0.002"/>
  <testcase name="multiplicando: 23" classname="CalculadoraTest" time="0.0"/>
  <testcase name="multiplicando: 24" classname="CalculadoraTest" time="0.0"/>
  <testcase name="multiplicando: 25" classname="CalculadoraTest" time="0.001"/>
  <testcase name="multiplicando: 26" classname="CalculadoraTest" time="0.001"/>
  <testcase name="multiplicando: 27" classname="CalculadoraTest" time="0.001"/>
  <testcase name="multiplicando: 28" classname="CalculadoraTest" time="0.001"/>
  <testcase name="multiplicando: 29" classname="CalculadoraTest" time="0.001"/>
  <testcase name="multiplicando: 30" classname="CalculadoraTest" time="0.001"/>
  <testcase name="multiplicando: 31" classname="CalculadoraTest" time="0.0"/>
  <testcase name="multiplicando: 32" classname="CalculadoraTest" time="0.005"/>
  <testcase name="multiplicando: 33" classname="CalculadoraTest" time="0.001"/>
  <testcase name="multiplicando: 34" classname="CalculadoraTest" time="0.0"/>
  <testcase name="multiplicando: 35" classname="CalculadoraTest" time="0.001"/>
  <testcase name="multiplicando: 36" classname="CalculadoraTest" time="0.001"/>
  <testcase name="multiplicando: 37" classname="CalculadoraTest" time="0.001"/>
  <testcase name="multiplicando: 38" classname="CalculadoraTest" time="0.001"/>
  <testcase name="multiplicando: 39" classname="CalculadoraTest" time="0.003"/>
  <testcase name="multiplicando: 40" classname="CalculadoraTest" time="0.003"/>
  <testcase name="multiplicando: 41" classname="CalculadoraTest" time="0.001"/>
  <testcase name="multiplicando: 42" classname="CalculadoraTest" time="0.002"/>
  <testcase name="multiplicando: 43" classname="CalculadoraTest" time="0.002"/>
  <testcase name="multiplicando: 44" classname="CalculadoraTest" time="0.001"/>
  <testcase name="multiplicando: 45" classname="CalculadoraTest" time="0.001"/>
  <testcase name="multiplicando: 46" classname="CalculadoraTest" time="0.002"/>
  <testcase name="multiplicando: 47" classname="CalculadoraTest" time="0.0"/>
  <testcase name="multiplicando: 48" classname="CalculadoraTest" time="0.0"/>
  <testcase name="multiplicando: 49" classname="CalculadoraTest" time="0.0"/>
  <testcase name="multiplicando: 50" classname="CalculadoraTest" time="0.001"/>
  <testcase name="multiplicando: 51" classname="CalculadoraTest" time="0.001"/>
  <testcase name="multiplicando: 52" classname="CalculadoraTest" time="0.0"/>
  <testcase name="multiplicando: 53" classname="CalculadoraTest" time="0.001"/>
  <testcase name="multiplicando: 54" classname="CalculadoraTest" time="0.001"/>
  <testcase name="multiplicando: 55" classname="CalculadoraTest" time="0.001"/>
  <testcase name="multiplicando: 56" classname="CalculadoraTest" time="0.0"/>
  <testcase name="multiplicando: 57" classname="CalculadoraTest" time="0.0"/>
  <testcase name="multiplicando: 58" classname="CalculadoraTest" time="0.001"/>
  <testcase name="multiplicando: 59" classname="CalculadoraTest" time="0.001"/>
  <testcase name="multiplicando: 60" classname="CalculadoraTest" time="0.001"/>
  <testcase name="multiplicando: 61" classname="CalculadoraTest" time="0.0"/>
  <testcase name="multiplicando: 62" classname="CalculadoraTest" time="0.0"/>
  <testcase name="multiplicando: 63" classname="CalculadoraTest" time="0.001"/>
  <testcase name="multiplicando: 64" classname="CalculadoraTest" time="0.001"/>
  <testcase name="multiplicando: 65" classname="CalculadoraTest" time="0.001"/>
  <testcase name="multiplicando: 66" classname="CalculadoraTest" time="0.0"/>
  <testcase name="multiplicando: 67" classname="CalculadoraTest" time="0.001"/>
  <testcase name="multiplicando: 68" classname="CalculadoraTest" time="0.001"/>
  <testcase name="multiplicando: 69" classname="CalculadoraTest" time="0.0"/>
  <testcase name="multiplicando: 70" classname="CalculadoraTest" time="0.001"/>
  <testcase name="multiplicando: 71" classname="CalculadoraTest" time="0.0"/>
  <testcase name="multiplicando: 72" classname="CalculadoraTest" time="0.001"/>
  <testcase name="multiplicando: 73" classname="CalculadoraTest" time="0.0"/>
  <testcase name="multiplicando: 74" classname="CalculadoraTest" time="0.0"/>
  <testcase name="multiplicando: 75" classname="CalculadoraTest" time="0.001"/>
  <testcase name="multiplicando: 76" classname="CalculadoraTest" time="0.002"/>
  <testcase name="multiplicando: 77" classname="CalculadoraTest" time="0.001"/>
  <testcase name="multiplicando: 78" classname="CalculadoraTest" time="0.001"/>
  <testcase name="multiplicando: 79" classname="CalculadoraTest" time="0.0"/>
  <testcase name="multiplicando: 80" classname="CalculadoraTest" time="0.0"/>
  <testcase name="multiplicando: 81" classname="CalculadoraTest" time="0.001"/>
  <testcase name="multiplicando: 82" classname="CalculadoraTest" time="0.001"/>
  <testcase name="multiplicando: 83" classname="CalculadoraTest" time="0.001"/>
  <testcase name="multiplicando: 84" classname="CalculadoraTest" time="0.001"/>
  <testcase name="multiplicando: 85" classname="CalculadoraTest" time="0.002"/>
  <testcase name="multiplicando: 86" classname="CalculadoraTest" time="0.0"/>
  <testcase name="multiplicando: 87" classname="CalculadoraTest" time="0.0"/>
  <testcase name="multiplicando: 88" classname="CalculadoraTest" time="0.001"/>
  <testcase name="multiplicando: 89" classname="CalculadoraTest" time="0.0"/>
  <testcase name="multiplicando: 90" classname="CalculadoraTest" time="0.0"/>
  <testcase name="multiplicando: 91" classname="CalculadoraTest" time="0.001"/>
  <testcase name="multiplicando: 92" classname="CalculadoraTest" time="0.001"/>
  <testcase name="multiplicando: 93" classname="CalculadoraTest" time="0.001"/>
  <testcase name="multiplicando: 94" classname="CalculadoraTest" time="0.0"/>
  <testcase name="multiplicando: 95" classname="CalculadoraTest" time="0.001"/>
  <testcase name="multiplicando: 96" classname="CalculadoraTest" time="0.001"/>
  <testcase name="multiplicando: 97" classname="CalculadoraTest" time="0.0"/>
  <testcase name="multiplicando: 98" classname="CalculadoraTest" time="0.0"/>
  <testcase name="multiplicando: 99" classname="CalculadoraTest" time="0.0"/>
  <testcase name="multiplicando: 100" classname="CalculadoraTest" time="0.0"/>
  <testcase name="multiplicando: 101" classname="CalculadoraTest" time="0.0"/>
  <testcase name="multiplicando: 102" classname="CalculadoraTest" time="0.002"/>
  <testcase name="multiplicando: 103" classname="CalculadoraTest" time="0.001"/>
  <testcase name="multiplicando: 104" classname="CalculadoraTest" time="0.001"/>
  <testcase name="multiplicando: 105" classname="CalculadoraTest" time="0.0"/>
  <testcase name="multiplicando: 106" classname="CalculadoraTest" time="0.0"/>
  <testcase name="multiplicando: 107" classname="CalculadoraTest" time="0.0"/>
  <testcase name="multiplicando: 108" classname="CalculadoraTest" time="0.001"/>
  <testcase name="multiplicando: 109" classname="CalculadoraTest" time="0.0"/>
  <testcase name="multiplicando: 110" classname="CalculadoraTest" time="0.0"/>
  <testcase name="multiplicando: 111" classname="CalculadoraTest" time="0.004"/>
  <testcase name="multiplicando: 112" classname="CalculadoraTest" time="0.001"/>
  <testcase name="multiplicando: 113" classname="CalculadoraTest" time="0.001"/>
  <testcase name="multiplicando: 114" classname="CalculadoraTest" time="0.0"/>
  <testcase name="multiplicando: 115" classname="CalculadoraTest" time="0.0"/>
  <testcase name="multiplicando: 116" classname="CalculadoraTest" time="0.001"/>
  <testcase name="multiplicando: 117" classname="CalculadoraTest" time="0.0"/>
  <testcase name="multiplicando: 118" classname="CalculadoraTest" time="0.003"/>
  <testcase name="multiplicando: 119" classname="CalculadoraTest" time="0.002"/>
  <testcase name="multiplicando: 120" classname="CalculadoraTest" time="0.0"/>
  <testcase name="multiplicando: 121" classname="CalculadoraTest" time="0.0"/>
  <testcase name="multiplicando: 122" classname="CalculadoraTest" time="0.0"/>
  <testcase name="multiplicando: 123" classname="CalculadoraTest" time="0.001"/>
  <testcase name="multiplicando: 124" classname="CalculadoraTest" time="0.001"/>
  <testcase name="multiplicando: 125" classname="CalculadoraTest" time="0.003"/>
  <testcase name="multiplicando: 126" classname="CalculadoraTest" time="0.001"/>
  <testcase name="multiplicando: 127" classname="CalculadoraTest" time="0.001"/>
  <testcase name="multiplicando: 128" classname="CalculadoraTest" time="0.001"/>
  <testcase name="multiplicando: 129" classname="CalculadoraTest" time="0.001"/>
  <testcase name="multiplicando: 130" classname="CalculadoraTest" time="0.001"/>
  <testcase name="multiplicando: 131" classname="CalculadoraTest" time="0.002"/>
  <testcase name="multiplicando: 132" classname="CalculadoraTest" time="0.001"/>
  <testcase name="multiplicando: 133" classname="CalculadoraTest" time="0.001"/>
  <testcase name="multiplicando: 134" classname="CalculadoraTest" time="0.0"/>
  <testcase name="multiplicando: 135" classname="CalculadoraTest" time="0.001"/>
  <testcase name="multiplicando: 136" classname="CalculadoraTest" time="0.002"/>
  <testcase name="multiplicando: 137" classname="CalculadoraTest" time="0.006"/>
  <testcase name="multiplicando: 138" classname="CalculadoraTest" time="0.001"/>
  <testcase name="multiplicando: 139" classname="CalculadoraTest" time="0.001"/>
  <testcase name="multiplicando: 140" classname="CalculadoraTest" time="0.001"/>
  <testcase name="multiplicando: 141" classname="CalculadoraTest" time="0.001"/>
  <testcase name="multiplicando: 142" classname="CalculadoraTest" time="0.001"/>
  <testcase name="multiplicando: 143" classname="CalculadoraTest" time="0.002"/>
  <testcase name="multiplicando: 144" classname="CalculadoraTest" time="0.001"/>
  <testcase name="multiplicando: 145" classname="CalculadoraTest" time="0.0"/>
  <testcase name="multiplicando: 146" classname="CalculadoraTest" time="0.001"/>
  <testcase name="multiplicando: 147" classname="CalculadoraTest" time="0.001"/>
  <testcase name="multiplicando: 148" classname="CalculadoraTest" time="0.0"/>
  <testcase name="multiplicando: 149" classname="CalculadoraTest" time="0.0"/>
  <testcase name="multiplicando: 150" classname="CalculadoraTest" time="0.001"/>
  <testcase name="multiplicando: 151" classname="CalculadoraTest" time="0.001"/>
  <testcase name="multiplicando: 152" classname="CalculadoraTest" time="0.0"/>
  <testcase name="multiplicando: 153" classname="CalculadoraTest" time="0.001"/>
  <testcase name="multiplicando: 154" classname="CalculadoraTest" time="0.001"/>
  <testcase name="multiplicando: 155" classname="CalculadoraTest" time="0.002"/>
  <testcase name="multiplicando: 156" classname="CalculadoraTest" time="0.001"/>
  <testcase name="multiplicando: 157" classname="CalculadoraTest" time="0.001"/>
  <testcase name="multiplicando: 158" classname="CalculadoraTest" time="0.0"/>
  <testcase name="multiplicando: 159" classname="CalculadoraTest" time="0.001"/>
  <testcase name="multiplicando: 160" classname="CalculadoraTest" time="0.001"/>
  <testcase name="multiplicando: 161" classname="CalculadoraTest" time="0.001"/>
  <testcase name="multiplicando: 162" classname="CalculadoraTest" time="0.001"/>
  <testcase name="multiplicando: 163" classname="CalculadoraTest" time="0.001"/>
  <testcase name="multiplicando: 164" classname="CalculadoraTest" time="0.001"/>
  <testcase name="multiplicando: 165" classname="CalculadoraTest" time="0.0"/>
  <testcase name="multiplicando: 166" classname="CalculadoraTest" time="0.003"/>
  <testcase name="multiplicando: 167" classname="CalculadoraTest" time="0.0"/>
  <testcase name="multiplicando: 168" classname="CalculadoraTest" time="0.001"/>
  <testcase name="multiplicando: 169" classname="CalculadoraTest" time="0.001"/>
  <testcase name="multiplicando: 170" classname="CalculadoraTest" time="0.0"/>
  <testcase name="multiplicando: 171" classname="CalculadoraTest" time="0.001"/>
  <testcase name="multiplicando: 172" classname="CalculadoraTest" time="0.001"/>
  <testcase name="multiplicando: 173" classname="CalculadoraTest" time="0.001"/>
  <testcase name="multiplicando: 174" classname="CalculadoraTest" time="0.0"/>
  <testcase name="multiplicando: 175" classname="CalculadoraTest" time="0.0"/>
  <testcase name="multiplicando: 176" classname="CalculadoraTest" time="0.0"/>
  <testcase name="multiplicando: 177" classname="CalculadoraTest" time="0.001"/>
  <testcase name="multiplicando: 178" classname="CalculadoraTest" time="0.001"/>
  <testcase name="multiplicando: 179" classname="CalculadoraTest" time="0.002"/>
  <testcase name="multiplicando: 180" classname="CalculadoraTest" time="0.0"/>
  <testcase name="multiplicando: 181" classname="CalculadoraTest" time="0.001"/>
  <testcase name="multiplicando: 182" classname="CalculadoraTest" time="0.001"/>
  <testcase name="multiplicando: 183" classname="CalculadoraTest" time="0.002"/>
  <testcase name="multiplicando: 184" classname="CalculadoraTest" time="0.001"/>
  <testcase name="multiplicando: 185" classname="CalculadoraTest" time="0.001"/>
  <testcase name="multiplicando: 186" classname="CalculadoraTest" time="0.001"/>
  <testcase name="multiplicando: 187" classname="CalculadoraTest" time="0.012"/>
  <testcase name="multiplicando: 188" classname="CalculadoraTest" time="0.0"/>
  <testcase name="multiplicando: 189" classname="CalculadoraTest" time="0.0"/>
  <testcase name="multiplicando: 190" classname="CalculadoraTest" time="0.007"/>
  <testcase name="multiplicando: 191" classname="CalculadoraTest" time="0.001"/>
  <testcase name="multiplicando: 192" classname="CalculadoraTest" time="0.001"/>
  <testcase name="multiplicando: 193" classname="CalculadoraTest" time="0.002"/>
  <testcase name="multiplicando: 194" classname="CalculadoraTest" time="0.002"/>
  <testcase name="multiplicando: 195" classname="CalculadoraTest" time="0.001"/>
  <testcase name="multiplicando: 196" classname="CalculadoraTest" time="0.0"/>
  <testcase name="multiplicando: 197" classname="CalculadoraTest" time="0.001"/>
  <testcase name="multiplicando: 198" classname="CalculadoraTest" time="0.001"/>
  <testcase name="multiplicando: 199" classname="CalculadoraTest" time="0.001"/>
  <testcase name="multiplicando: 200" classname="CalculadoraTest" time="0.001"/>
  <testcase name="multiplicando: 201" classname="CalculadoraTest" time="0.0"/>
  <testcase name="multiplicando: 202" classname="CalculadoraTest" time="0.0"/>
  <testcase name="multiplicando: 203" classname="CalculadoraTest" time="0.0"/>
  <testcase name="multiplicando: 204" classname="CalculadoraTest" time="0.0"/>
  <testcase name="multiplicando: 205" classname="CalculadoraTest" time="0.002"/>
  <testcase name="multiplicando: 206" classname="CalculadoraTest" time="0.0"/>
  <testcase name="multiplicando: 207" classname="CalculadoraTest" time="0.001"/>
  <testcase name="multiplicando: 208" classname="CalculadoraTest" time="0.001"/>
  <testcase name="multiplicando: 209" classname="CalculadoraTest" time="0.0"/>
  <testcase name="multiplicando: 210" classname="CalculadoraTest" time="0.001"/>
  <testcase name="multiplicando: 211" classname="CalculadoraTest" time="0.002"/>
  <testcase name="multiplicando: 212" classname="CalculadoraTest" time="0.001"/>
  <testcase name="multiplicando: 213" classname="CalculadoraTest" time="0.001"/>
  <testcase name="multiplicando: 214" classname="CalculadoraTest" time="0.001"/>
  <testcase name="multiplicando: 215" classname="CalculadoraTest" time="0.0"/>
  <testcase name="multiplicando: 216" classname="CalculadoraTest" time="0.0"/>
  <testcase name="multiplicando: 217" classname="CalculadoraTest" time="0.0"/>
  <testcase name="multiplicando: 218" classname="CalculadoraTest" time="0.0"/>
  <testcase name="multiplicando: 219" classname="CalculadoraTest" time="0.001"/>
  <testcase name="multiplicando: 220" classname="CalculadoraTest" time="0.0"/>
  <testcase name="multiplicando: 221" classname="CalculadoraTest" time="0.001"/>
  <testcase name="multiplicando: 222" classname="CalculadoraTest" time="0.0"/>
  <testcase name="multiplicando: 223" classname="CalculadoraTest" time="0.0"/>
  <testcase name="multiplicando: 224" classname="CalculadoraTest" time="0.002"/>
  <testcase name="multiplicando: 225" classname="CalculadoraTest" time="0.001"/>
  <testcase name="multiplicando: 226" classname="CalculadoraTest" time="0.0"/>
  <testcase name="multiplicando: 227" classname="CalculadoraTest" time="0.0"/>
  <testcase name="multiplicando: 228" classname="CalculadoraTest" time="0.0"/>
  <testcase name="multiplicando: 229" classname="CalculadoraTest" time="0.0"/>
  <testcase name="multiplicando: 230" classname="CalculadoraTest" time="0.003"/>
  <testcase name="multiplicando: 231" classname="CalculadoraTest" time="0.002"/>
  <testcase name="multiplicando: 232" classname="CalculadoraTest" time="0.0"/>
  <testcase name="multiplicando: 233" classname="CalculadoraTest" time="0.001"/>
  <testcase name="multiplicando: 234" classname="CalculadoraTest" time="0.001"/>
  <testcase name="multiplicando: 235" classname="CalculadoraTest" time="0.0"/>
  <testcase name="multiplicando: 236" classname="CalculadoraTest" time="0.0"/>
  <testcase name="multiplicando: 237" classname="CalculadoraTest" time="0.0"/>
  <testcase name="multiplicando: 238" classname="CalculadoraTest" time="0.001"/>
  <testcase name="multiplicando: 239" classname="CalculadoraTest" time="0.0"/>
  <testcase name="multiplicando: 240" classname="CalculadoraTest" time="0.0"/>
  <testcase name="multiplicando: 241" classname="CalculadoraTest" time="0.001"/>
  <testcase name="multiplicando: 242" classname="CalculadoraTest" time="0.0"/>
  <testcase name="multiplicando: 243" classname="CalculadoraTest" time="0.001"/>
  <testcase name="multiplicando: 244" classname="CalculadoraTest" time="0.0"/>
  <testcase name="multiplicando: 245" classname="CalculadoraTest" time="0.001"/>
  <testcase name="multiplicando: 246" classname="CalculadoraTest" time="0.002"/>
  <testcase name="multiplicando: 247" classname="CalculadoraTest" time="0.001"/>
  <testcase name="multiplicando: 248" classname="CalculadoraTest" time="0.002"/>
  <testcase name="multiplicando: 249" classname="CalculadoraTest" time="0.001"/>
  <testcase name="multiplicando: 250" classname="CalculadoraTest" time="0.0"/>
  <testcase name="multiplicando: 251" classname="CalculadoraTest" time="0.0"/>
  <testcase name="multiplicando: 252" classname="CalculadoraTest" time="0.001"/>
  <testcase name="multiplicando: 253" classname="CalculadoraTest" time="0.0"/>
  <testcase name="multiplicando: 254" classname="CalculadoraTest" time="0.0"/>
  <testcase name="multiplicando: 255" classname="CalculadoraTest" time="0.0"/>
  <testcase name="multiplicando: 256" classname="CalculadoraTest" time="0.002"/>
  <testcase name="multiplicando: 257" classname="CalculadoraTest" time="0.0"/>
  <testcase name="multiplicando: 258" classname="CalculadoraTest" time="0.0"/>
  <testcase name="multiplicando: 259" classname="CalculadoraTest" time="0.001"/>
  <testcase name="multiplicando: 260" classname="CalculadoraTest" time="0.0"/>
  <testcase name="multiplicando: 261" classname="CalculadoraTest" time="0.0"/>
  <testcase name="multiplicando: 262" classname="CalculadoraTest" time="0.0"/>
  <testcase name="multiplicando: 263" classname="CalculadoraTest" time="0.0"/>
  <testcase name="multiplicando: 264" classname="CalculadoraTest" time="0.001"/>
  <testcase name="multiplicando: 265" classname="CalculadoraTest" time="0.002"/>
  <testcase name="multiplicando: 266" classname="CalculadoraTest" time="0.0"/>
  <testcase name="multiplicando: 267" classname="CalculadoraTest" time="0.0"/>
  <testcase name="multiplicando: 268" classname="CalculadoraTest" time="0.0"/>
  <testcase name="multiplicando: 269" classname="CalculadoraTest" time="0.0"/>
  <testcase name="multiplicando: 270" classname="CalculadoraTest" time="0.001"/>
  <testcase name="multiplicando: 271" classname="CalculadoraTest" time="0.0"/>
  <testcase name="multiplicando: 272" classname="CalculadoraTest" time="0.0"/>
  <testcase name="multiplicando: 273" classname="CalculadoraTest" time="0.001"/>
  <testcase name="multiplicando: 274" classname="CalculadoraTest" time="0.0"/>
  <testcase name="multiplicando: 275" classname="CalculadoraTest" time="0.0"/>
  <testcase name="multiplicando: 276" classname="CalculadoraTest" time="0.0"/>
  <testcase name="multiplicando: 277" classname="CalculadoraTest" time="0.001"/>
  <testcase name="multiplicando: 278" classname="CalculadoraTest" time="0.0"/>
  <testcase name="multiplicando: 279" classname="CalculadoraTest" time="0.0"/>
  <testcase name="multiplicando: 280" classname="CalculadoraTest" time="0.0"/>
  <testcase name="multiplicando: 281" classname="CalculadoraTest" time="0.001"/>
  <testcase name="multiplicando: 282" classname="CalculadoraTest" time="0.001"/>
  <testcase name="multiplicando: 283" classname="CalculadoraTest" time="0.0"/>
  <testcase name="multiplicando: 284" classname="CalculadoraTest" time="0.0"/>
  <testcase name="multiplicando: 285" classname="CalculadoraTest" time="0.001"/>
  <testcase name="multiplicando: 286" classname="CalculadoraTest" time="0.0"/>
  <testcase name="multiplicando: 287" classname="CalculadoraTest" time="0.0"/>
  <testcase name="multiplicando: 288" classname="CalculadoraTest" time="0.001"/>
  <testcase name="multiplicando: 289" classname="CalculadoraTest" time="0.002"/>
  <testcase name="multiplicando: 290" classname="CalculadoraTest" time="0.002"/>
  <testcase name="multiplicando: 291" classname="CalculadoraTest" time="0.001"/>
  <testcase name="multiplicando: 292" classname="CalculadoraTest" time="0.001"/>
  <testcase name="multiplicando: 293" classname="CalculadoraTest" time="0.0"/>
  <testcase name="multiplicando: 294" classname="CalculadoraTest" time="0.001"/>
  <testcase name="multiplicando: 295" classname="CalculadoraTest" time="0.0"/>
  <testcase name="multiplicando: 296" classname="CalculadoraTest" time="0.001"/>
  <testcase name="multiplicando: 297" classname="CalculadoraTest" time="0.0"/>
  <testcase name="multiplicando: 298" classname="CalculadoraTest" time="0.001"/>
  <testcase name="multiplicando: 299" classname="CalculadoraTest" time="0.001"/>
  <testcase name="multiplicando: 300" classname="CalculadoraTest" time="0.002"/>
  <testcase name="multiplicando: 301" classname="CalculadoraTest" time="0.0"/>
  <testcase name="multiplicando: 302" classname="CalculadoraTest" time="0.001"/>
  <testcase name="multiplicando: 303" classname="CalculadoraTest" time="0.0"/>
  <testcase name="multiplicando: 304" classname="CalculadoraTest" time="0.001"/>
  <testcase name="multiplicando: 305" classname="CalculadoraTest" time="0.001"/>
  <testcase name="multiplicando: 306" classname="CalculadoraTest" time="0.001"/>
  <testcase name="multiplicando: 307" classname="CalculadoraTest" time="0.0"/>
  <testcase name="multiplicando: 308" classname="CalculadoraTest" time="0.001"/>
  <testcase name="multiplicando: 309" classname="CalculadoraTest" time="0.0"/>
  <testcase name="multiplicando: 310" classname="CalculadoraTest" time="0.0"/>
  <testcase name="multiplicando: 311" classname="CalculadoraTest" time="0.001"/>
  <testcase name="multiplicando: 312" classname="CalculadoraTest" time="0.0"/>
  <testcase name="multiplicando: 313" classname="CalculadoraTest" time="0.001"/>
  <testcase name="multiplicando: 314" classname="CalculadoraTest" time="0.001"/>
  <testcase name="multiplicando: 315" classname="CalculadoraTest" time="0.001"/>
  <testcase name="multiplicando: 316" classname="CalculadoraTest" time="0.0"/>
  <testcase name="multiplicando: 317" classname="CalculadoraTest" time="0.0"/>
  <testcase name="multiplicando: 318" classname="CalculadoraTest" time="0.002"/>
  <testcase name="multiplicando: 319" classname="CalculadoraTest" time="0.0"/>
  <testcase name="multiplicando: 320" classname="CalculadoraTest" time="0.0"/>
  <testcase name="multiplicando: 321" classname="CalculadoraTest" time="0.001"/>
  <testcase name="multiplicando: 322" classname="CalculadoraTest" time="0.001"/>
  <testcase name="multiplicando: 323" classname="CalculadoraTest" time="0.001"/>
  <testcase name="multiplicando: 324" classname="CalculadoraTest" time="0.001"/>
  <testcase name="multiplicando: 325" classname="CalculadoraTest" time="0.0"/>
  <testcase name="multiplicando: 326" classname="CalculadoraTest" time="0.0"/>
  <testcase name="multiplicando: 327" classname="CalculadoraTest" time="0.0"/>
  <testcase name="multiplicando: 328" classname="CalculadoraTest" time="0.001"/>
  <testcase name="multiplicando: 329" classname="CalculadoraTest" time="0.0"/>
  <testcase name="multiplicando: 330" classname="CalculadoraTest" time="0.001"/>
  <testcase name="multiplicando: 331" classname="CalculadoraTest" time="0.001"/>
  <testcase name="multiplicando: 332" classname="CalculadoraTest" time="0.001"/>
  <testcase name="multiplicando: 333" classname="CalculadoraTest" time="0.001"/>
  <testcase name="multiplicando: 334" classname="CalculadoraTest" time="0.001"/>
  <testcase name="multiplicando: 335" classname="CalculadoraTest" time="0.001"/>
  <testcase name="multiplicando: 336" classname="CalculadoraTest" time="0.001"/>
  <testcase name="multiplicando: 337" classname="CalculadoraTest" time="0.001"/>
  <testcase name="multiplicando: 338" classname="CalculadoraTest" time="0.0"/>
  <testcase name="multiplicando: 339" classname="CalculadoraTest" time="0.001"/>
  <testcase name="multiplicando: 340" classname="CalculadoraTest" time="0.001"/>
  <testcase name="multiplicando: 341" classname="CalculadoraTest" time="0.0"/>
  <testcase name="multiplicando: 342" classname="CalculadoraTest" time="0.001"/>
  <testcase name="multiplicando: 343" classname="CalculadoraTest" time="0.001"/>
  <testcase name="multiplicando: 344" classname="CalculadoraTest" time="0.0"/>
  <testcase name="multiplicando: 345" classname="CalculadoraTest" time="0.001"/>
  <testcase name="multiplicando: 346" classname="CalculadoraTest" time="0.001"/>
  <testcase name="multiplicando: 347" classname="CalculadoraTest" time="0.002"/>
  <testcase name="multiplicando: 348" classname="CalculadoraTest" time="0.0"/>
  <testcase name="multiplicando: 349" classname="CalculadoraTest" time="0.0"/>
  <testcase name="multiplicando: 350" classname="CalculadoraTest" time="0.0"/>
  <testcase name="multiplicando: 351" classname="CalculadoraTest" time="0.001"/>
  <testcase name="multiplicando: 352" classname="CalculadoraTest" time="0.0"/>
  <testcase name="multiplicando: 353" classname="CalculadoraTest" time="0.001"/>
  <testcase name="multiplicando: 354" classname="CalculadoraTest" time="0.0"/>
  <testcase name="multiplicando: 355" classname="CalculadoraTest" time="0.001"/>
  <testcase name="multiplicando: 356" classname="CalculadoraTest" time="0.0"/>
  <testcase name="multiplicando: 357" classname="CalculadoraTest" time="0.0"/>
  <testcase name="multiplicando: 358" classname="CalculadoraTest" time="0.0"/>
  <testcase name="multiplicando: 359" classname="CalculadoraTest" time="0.001"/>
  <testcase name="multiplicando: 360" classname="CalculadoraTest" time="0.0"/>
  <testcase name="multiplicando: 361" classname="CalculadoraTest" time="0.0"/>
  <testcase name="multiplicando: 362" classname="CalculadoraTest" time="0.0"/>
  <testcase name="multiplicando: 363" classname="CalculadoraTest" time="0.0"/>
  <testcase name="multiplicando: 364" classname="CalculadoraTest" time="0.0"/>
  <testcase name="multiplicando: 365" classname="CalculadoraTest" time="0.001"/>
  <testcase name="multiplicando: 366" classname="CalculadoraTest" time="0.0"/>
  <testcase name="multiplicando: 367" classname="CalculadoraTest" time="0.0"/>
  <testcase name="multiplicando: 368" classname="CalculadoraTest" time="0.0"/>
  <testcase name="multiplicando: 369" classname="CalculadoraTest" time="0.001"/>
  <testcase name="multiplicando: 370" classname="CalculadoraTest" time="0.001"/>
  <testcase name="multiplicando: 371" classname="CalculadoraTest" time="0.001"/>
  <testcase name="multiplicando: 372" classname="CalculadoraTest" time="0.0"/>
  <testcase name="multiplicando: 373" classname="CalculadoraTest" time="0.0"/>
  <testcase name="multiplicando: 374" classname="CalculadoraTest" time="0.0"/>
  <testcase name="multiplicando: 375" classname="CalculadoraTest" time="0.0"/>
  <testcase name="multiplicando: 376" classname="CalculadoraTest" time="0.0"/>
  <testcase name="multiplicando: 377" classname="CalculadoraTest" time="0.0"/>
  <testcase name="multiplicando: 378" classname="CalculadoraTest" time="0.0"/>
  <testcase name="multiplicando: 379" classname="CalculadoraTest" time="0.001"/>
  <testcase name="multiplicando: 380" classname="CalculadoraTest" time="0.001"/>
  <testcase name="multiplicando: 381" classname="CalculadoraTest" time="0.0"/>
  <testcase name="multiplicando: 382" classname="CalculadoraTest" time="0.0"/>
  <testcase name="multiplicando: 383" classname="CalculadoraTest" time="0.0"/>
  <testcase name="multiplicando: 384" classname="CalculadoraTest" time="0.001"/>
  <testcase name="multiplicando: 385" classname="CalculadoraTest" time="0.0"/>
  <testcase name="multiplicando: 386" classname="CalculadoraTest" time="0.0"/>
  <testcase name="multiplicando: 387" classname="CalculadoraTest" time="0.0"/>
  <testcase name="multiplicando: 388" classname="CalculadoraTest" time="0.001"/>
  <testcase name="multiplicando: 389" classname="CalculadoraTest" time="0.0"/>
  <testcase name="multiplicando: 390" classname="CalculadoraTest" time="0.0"/>
  <testcase name="multiplicando: 391" classname="CalculadoraTest" time="0.001"/>
  <testcase name="multiplicando: 392" classname="CalculadoraTest" time="0.0"/>
  <testcase name="multiplicando: 393" classname="CalculadoraTest" time="0.0"/>
  <testcase name="multiplicando: 394" classname="CalculadoraTest" time="0.0"/>
  <testcase name="multiplicando: 395" classname="CalculadoraTest" time="0.0"/>
  <testcase name="multiplicando: 396" classname="CalculadoraTest" time="0.0"/>
  <testcase name="multiplicando: 397" classname="CalculadoraTest" time="0.0"/>
  <testcase name="multiplicando: 398" classname="CalculadoraTest" time="0.0"/>
  <testcase name="multiplicando: 399" classname="CalculadoraTest" time="0.001"/>
  <testcase name="multiplicando: 400" classname="CalculadoraTest" time="0.001"/>
  <testcase name="multiplicando: 401" classname="CalculadoraTest" time="0.0"/>
  <testcase name="multiplicando: 402" classname="CalculadoraTest" time="0.0"/>
  <testcase name="multiplicando: 403" classname="CalculadoraTest" time="0.001"/>
  <testcase name="multiplicando: 404" classname="CalculadoraTest" time="0.0"/>
  <testcase name="multiplicando: 405" classname="CalculadoraTest" time="0.0"/>
  <testcase name="multiplicando: 406" classname="CalculadoraTest" time="0.0"/>
  <testcase name="multiplicando: 407" classname="CalculadoraTest" time="0.0"/>
  <testcase name="multiplicando: 408" classname="CalculadoraTest" time="0.0"/>
  <testcase name="multiplicando: 409" classname="CalculadoraTest" time="0.0"/>
  <testcase name="multiplicando: 410" classname="CalculadoraTest" time="0.0"/>
  <testcase name="multiplicando: 411" classname="CalculadoraTest" time="0.0"/>
  <testcase name="multiplicando: 412" classname="CalculadoraTest" time="0.0"/>
  <testcase name="multiplicando: 413" classname="CalculadoraTest" time="0.0"/>
  <testcase name="multiplicando: 414" classname="CalculadoraTest" time="0.0"/>
  <testcase name="multiplicando: 415" classname="CalculadoraTest" time="0.001"/>
  <testcase name="multiplicando: 416" classname="CalculadoraTest" time="0.0"/>
  <testcase name="multiplicando: 417" classname="CalculadoraTest" time="0.0"/>
  <testcase name="multiplicando: 418" classname="CalculadoraTest" time="0.001"/>
  <testcase name="multiplicando: 419" classname="CalculadoraTest" time="0.0"/>
  <testcase name="multiplicando: 420" classname="CalculadoraTest" time="0.0"/>
  <testcase name="multiplicando: 421" classname="CalculadoraTest" time="0.0"/>
  <testcase name="multiplicando: 422" classname="CalculadoraTest" time="0.001"/>
  <testcase name="multiplicando: 423" classname="CalculadoraTest" time="0.001"/>
  <testcase name="multiplicando: 424" classname="CalculadoraTest" time="0.001"/>
  <testcase name="multiplicando: 425" classname="CalculadoraTest" time="0.001"/>
  <testcase name="multiplicando: 426" classname="CalculadoraTest" time="0.001"/>
  <testcase name="multiplicando: 427" classname="CalculadoraTest" time="0.0"/>
  <testcase name="multiplicando: 428" classname="CalculadoraTest" time="0.0"/>
  <testcase name="multiplicando: 429" classname="CalculadoraTest" time="0.0"/>
  <testcase name="multiplicando: 430" classname="CalculadoraTest" time="0.0"/>
  <testcase name="multiplicando: 431" classname="CalculadoraTest" time="0.0"/>
  <testcase name="multiplicando: 432" classname="CalculadoraTest" time="0.001"/>
  <testcase name="multiplicando: 433" classname="CalculadoraTest" time="0.0"/>
  <testcase name="multiplicando: 434" classname="CalculadoraTest" time="0.0"/>
  <testcase name="multiplicando: 435" classname="CalculadoraTest" time="0.0"/>
  <testcase name="multiplicando: 436" classname="CalculadoraTest" time="0.0"/>
  <testcase name="multiplicando: 437" classname="CalculadoraTest" time="0.0"/>
  <testcase name="multiplicando: 438" classname="CalculadoraTest" time="0.001"/>
  <testcase name="multiplicando: 439" classname="CalculadoraTest" time="0.001"/>
  <testcase name="multiplicando: 440" classname="CalculadoraTest" time="0.0"/>
  <testcase name="multiplicando: 441" classname="CalculadoraTest" time="0.002"/>
  <testcase name="multiplicando: 442" classname="CalculadoraTest" time="0.001"/>
  <testcase name="multiplicando: 443" classname="CalculadoraTest" time="0.003"/>
  <testcase name="multiplicando: 444" classname="CalculadoraTest" time="0.005"/>
  <testcase name="multiplicando: 445" classname="CalculadoraTest" time="0.0"/>
  <testcase name="multiplicando: 446" classname="CalculadoraTest" time="0.0"/>
  <testcase name="multiplicando: 447" classname="CalculadoraTest" time="0.001"/>
  <testcase name="multiplicando: 448" classname="CalculadoraTest" time="0.0"/>
  <testcase name="multiplicando: 449" classname="CalculadoraTest" time="0.0"/>
  <testcase name="multiplicando: 450" classname="CalculadoraTest" time="0.002"/>
  <testcase name="multiplicando: 451" classname="CalculadoraTest" time="0.001"/>
  <testcase name="multiplicando: 452" classname="CalculadoraTest" time="0.001"/>
  <testcase name="multiplicando: 453" classname="CalculadoraTest" time="0.0"/>
  <testcase name="multiplicando: 454" classname="CalculadoraTest" time="0.001"/>
  <testcase name="multiplicando: 455" classname="CalculadoraTest" time="0.001"/>
  <testcase name="multiplicando: 456" classname="CalculadoraTest" time="0.001"/>
  <testcase name="multiplicando: 457" classname="CalculadoraTest" time="0.001"/>
  <testcase name="multiplicando: 458" classname="CalculadoraTest" time="0.0"/>
  <testcase name="multiplicando: 459" classname="CalculadoraTest" time="0.0"/>
  <testcase name="multiplicando: 460" classname="CalculadoraTest" time="0.0"/>
  <testcase name="multiplicando: 461" classname="CalculadoraTest" time="0.003"/>
  <testcase name="multiplicando: 462" classname="CalculadoraTest" time="0.001"/>
  <testcase name="multiplicando: 463" classname="CalculadoraTest" time="0.001"/>
  <testcase name="multiplicando: 464" classname="CalculadoraTest" time="0.0"/>
  <testcase name="multiplicando: 465" classname="CalculadoraTest" time="0.0"/>
  <testcase name="multiplicando: 466" classname="CalculadoraTest" time="0.0"/>
  <testcase name="multiplicando: 467" classname="CalculadoraTest" time="0.0"/>
  <testcase name="multiplicando: 468" classname="CalculadoraTest" time="0.0"/>
  <testcase name="multiplicando: 469" classname="CalculadoraTest" time="0.0"/>
  <testcase name="multiplicando: 470" classname="CalculadoraTest" time="0.0"/>
  <testcase name="multiplicando: 471" classname="CalculadoraTest" time="0.0"/>
  <testcase name="multiplicando: 472" classname="CalculadoraTest" time="0.0"/>
  <testcase name="multiplicando: 473" classname="CalculadoraTest" time="0.001"/>
  <testcase name="multiplicando: 474" classname="CalculadoraTest" time="0.0"/>
  <testcase name="multiplicando: 475" classname="CalculadoraTest" time="0.0"/>
  <testcase name="multiplicando: 476" classname="CalculadoraTest" time="0.0"/>
  <testcase name="multiplicando: 477" classname="CalculadoraTest" time="0.0"/>
  <testcase name="multiplicando: 478" classname="CalculadoraTest" time="0.0"/>
  <testcase name="multiplicando: 479" classname="CalculadoraTest" time="0.001"/>
  <testcase name="multiplicando: 480" classname="CalculadoraTest" time="0.001"/>
  <testcase name="multiplicando: 481" classname="CalculadoraTest" time="0.0"/>
  <testcase name="multiplicando: 482" classname="CalculadoraTest" time="0.0"/>
  <testcase name="multiplicando: 483" classname="CalculadoraTest" time="0.0"/>
  <testcase name="multiplicando: 484" classname="CalculadoraTest" time="0.0"/>
  <testcase name="multiplicando: 485" classname="CalculadoraTest" time="0.0"/>
  <testcase name="multiplicando: 486" classname="CalculadoraTest" time="0.001"/>
  <testcase name="multiplicando: 487" classname="CalculadoraTest" time="0.001"/>
  <testcase name="multiplicando: 488" classname="CalculadoraTest" time="0.001"/>
  <testcase name="multiplicando: 489" classname="CalculadoraTest" time="0.0"/>
  <testcase name="multiplicando: 490" classname="CalculadoraTest" time="0.0"/>
  <testcase name="multiplicando: 491" classname="CalculadoraTest" time="0.0"/>
  <testcase name="multiplicando: 492" classname="CalculadoraTest" time="0.0"/>
  <testcase name="multiplicando: 493" classname="CalculadoraTest" time="0.0"/>
  <testcase name="multiplicando: 494" classname="CalculadoraTest" time="0.001"/>
  <testcase name="multiplicando: 495" classname="CalculadoraTest" time="0.0"/>
  <testcase name="multiplicando: 496" classname="CalculadoraTest" time="0.0"/>
  <testcase name="multiplicando: 497" classname="CalculadoraTest" time="0.001"/>
  <testcase name="multiplicando: 498" classname="CalculadoraTest" time="0.0"/>
  <testcase name="multiplicando: 499" classname="CalculadoraTest" time="0.0"/>
  <testcase name="multiplicando: 500" classname="CalculadoraTest" time="0.0"/>
  <testcase name="multiplicando: 501" classname="CalculadoraTest" time="0.001"/>
  <testcase name="multiplicando: 502" classname="CalculadoraTest" time="0.0"/>
  <testcase name="multiplicando: 503" classname="CalculadoraTest" time="0.0"/>
  <testcase name="multiplicando: 504" classname="CalculadoraTest" time="0.0"/>
  <testcase name="multiplicando: 505" classname="CalculadoraTest" time="0.001"/>
  <testcase name="multiplicando: 506" classname="CalculadoraTest" time="0.0"/>
  <testcase name="multiplicando: 507" classname="CalculadoraTest" time="0.001"/>
  <testcase name="multiplicando: 508" classname="CalculadoraTest" time="0.001"/>
  <testcase name="multiplicando: 509" classname="CalculadoraTest" time="0.001"/>
  <testcase name="multiplicando: 510" classname="CalculadoraTest" time="0.0"/>
  <testcase name="multiplicando: 511" classname="CalculadoraTest" time="0.003"/>
  <testcase name="multiplicando: 512" classname="CalculadoraTest" time="0.001"/>
  <testcase name="multiplicando: 513" classname="CalculadoraTest" time="0.003"/>
  <testcase name="multiplicando: 514" classname="CalculadoraTest" time="0.0"/>
  <testcase name="multiplicando: 515" classname="CalculadoraTest" time="0.0"/>
  <testcase name="multiplicando: 516" classname="CalculadoraTest" time="0.0"/>
  <testcase name="multiplicando: 517" classname="CalculadoraTest" time="0.0"/>
  <testcase name="multiplicando: 518" classname="CalculadoraTest" time="0.0"/>
  <testcase name="multiplicando: 519" classname="CalculadoraTest" time="0.0"/>
  <testcase name="multiplicando: 520" classname="CalculadoraTest" time="0.0"/>
  <testcase name="multiplicando: 521" classname="CalculadoraTest" time="0.0"/>
  <testcase name="multiplicando: 522" classname="CalculadoraTest" time="0.001"/>
  <testcase name="multiplicando: 523" classname="CalculadoraTest" time="0.0"/>
  <testcase name="multiplicando: 524" classname="CalculadoraTest" time="0.003"/>
  <testcase name="multiplicando: 525" classname="CalculadoraTest" time="0.0"/>
  <testcase name="multiplicando: 526" classname="CalculadoraTest" time="0.0"/>
  <testcase name="multiplicando: 527" classname="CalculadoraTest" time="0.0"/>
  <testcase name="multiplicando: 528" classname="CalculadoraTest" time="0.001"/>
  <testcase name="multiplicando: 529" classname="CalculadoraTest" time="0.0"/>
  <testcase name="multiplicando: 530" classname="CalculadoraTest" time="0.0"/>
  <testcase name="multiplicando: 531" classname="CalculadoraTest" time="0.0"/>
  <testcase name="multiplicando: 532" classname="CalculadoraTest" time="0.0"/>
  <testcase name="multiplicando: 533" classname="CalculadoraTest" time="0.001"/>
  <testcase name="multiplicando: 534" classname="CalculadoraTest" time="0.0"/>
  <testcase name="multiplicando: 535" classname="CalculadoraTest" time="0.0"/>
  <testcase name="multiplicando: 536" classname="CalculadoraTest" time="0.0"/>
  <testcase name="multiplicando: 537" classname="CalculadoraTest" time="0.0"/>
  <testcase name="multiplicando: 538" classname="CalculadoraTest" time="0.002"/>
  <testcase name="multiplicando: 539" classname="CalculadoraTest" time="0.0"/>
  <testcase name="multiplicando: 540" classname="CalculadoraTest" time="0.0"/>
  <testcase name="multiplicando: 541" classname="CalculadoraTest" time="0.0"/>
  <testcase name="multiplicando: 542" classname="CalculadoraTest" time="0.0"/>
  <testcase name="multiplicando: 543" classname="CalculadoraTest" time="0.0"/>
  <testcase name="multiplicando: 544" classname="CalculadoraTest" time="0.0"/>
  <testcase name="multiplicando: 545" classname="CalculadoraTest" time="0.0"/>
  <testcase name="multiplicando: 546" classname="CalculadoraTest" time="0.0"/>
  <testcase name="multiplicando: 547" classname="CalculadoraTest" time="0.0"/>
  <testcase name="multiplicando: 548" classname="CalculadoraTest" time="0.001"/>
  <testcase name="multiplicando: 549" classname="CalculadoraTest" time="0.0"/>
  <testcase name="multiplicando: 550" classname="CalculadoraTest" time="0.0"/>
  <testcase name="multiplicando: 551" classname="CalculadoraTest" time="0.0"/>
  <testcase name="multiplicando: 552" classname="CalculadoraTest" time="0.0"/>
  <testcase name="multiplicando: 553" classname="CalculadoraTest" time="0.001"/>
  <testcase name="multiplicando: 554" classname="CalculadoraTest" time="0.001"/>
  <testcase name="multiplicando: 555" classname="CalculadoraTest" time="0.0"/>
  <testcase name="multiplicando: 556" classname="CalculadoraTest" time="0.001"/>
  <testcase name="multiplicando: 557" classname="CalculadoraTest" time="0.0"/>
  <testcase name="multiplicando: 558" classname="CalculadoraTest" time="0.001"/>
  <testcase name="multiplicando: 559" classname="CalculadoraTest" time="0.0"/>
  <testcase name="multiplicando: 560" classname="CalculadoraTest" time="0.0"/>
  <testcase name="multiplicando: 561" classname="CalculadoraTest" time="0.0"/>
  <testcase name="multiplicando: 562" classname="CalculadoraTest" time="0.0"/>
  <testcase name="multiplicando: 563" classname="CalculadoraTest" time="0.0"/>
  <testcase name="multiplicando: 564" classname="CalculadoraTest" time="0.0"/>
  <testcase name="multiplicando: 565" classname="CalculadoraTest" time="0.0"/>
  <testcase name="multiplicando: 566" classname="CalculadoraTest" time="0.0"/>
  <testcase name="multiplicando: 567" classname="CalculadoraTest" time="0.0"/>
  <testcase name="multiplicando: 568" classname="CalculadoraTest" time="0.0"/>
  <testcase name="multiplicando: 569" classname="CalculadoraTest" time="0.001"/>
  <testcase name="multiplicando: 570" classname="CalculadoraTest" time="0.0"/>
  <testcase name="multiplicando: 571" classname="CalculadoraTest" time="0.0"/>
  <testcase name="multiplicando: 572" classname="CalculadoraTest" time="0.0"/>
  <testcase name="multiplicando: 573" classname="CalculadoraTest" time="0.0"/>
  <testcase name="multiplicando: 574" classname="CalculadoraTest" time="0.0"/>
  <testcase name="multiplicando: 575" classname="CalculadoraTest" time="0.0"/>
  <testcase name="multiplicando: 576" classname="CalculadoraTest" time="0.001"/>
  <testcase name="multiplicando: 577" classname="CalculadoraTest" time="0.0"/>
  <testcase name="multiplicando: 578" classname="CalculadoraTest" time="0.0"/>
  <testcase name="multiplicando: 579" classname="CalculadoraTest" time="0.0"/>
  <testcase name="multiplicando: 580" classname="CalculadoraTest" time="0.0"/>
  <testcase name="multiplicando: 581" classname="CalculadoraTest" time="0.0"/>
  <testcase name="multiplicando: 582" classname="CalculadoraTest" time="0.001"/>
  <testcase name="multiplicando: 583" classname="CalculadoraTest" time="0.0"/>
  <testcase name="multiplicando: 584" classname="CalculadoraTest" time="0.001"/>
  <testcase name="multiplicando: 585" classname="CalculadoraTest" time="0.002"/>
  <testcase name="multiplicando: 586" classname="CalculadoraTest" time="0.001"/>
  <testcase name="multiplicando: 587" classname="CalculadoraTest" time="0.001"/>
  <testcase name="multiplicando: 588" classname="CalculadoraTest" time="0.001"/>
  <testcase name="multiplicando: 589" classname="CalculadoraTest" time="0.001"/>
  <testcase name="multiplicando: 590" classname="CalculadoraTest" time="0.0"/>
  <testcase name="multiplicando: 591" classname="CalculadoraTest" time="0.0"/>
  <testcase name="multiplicando: 592" classname="CalculadoraTest" time="0.001"/>
  <testcase name="multiplicando: 593" classname="CalculadoraTest" time="0.0"/>
  <testcase name="multiplicando: 594" classname="CalculadoraTest" time="0.0"/>
  <testcase name="multiplicando: 595" classname="CalculadoraTest" time="0.001"/>
  <testcase name="multiplicando: 596" classname="CalculadoraTest" time="0.0"/>
  <testcase name="multiplicando: 597" classname="CalculadoraTest" time="0.0"/>
  <testcase name="multiplicando: 598" classname="CalculadoraTest" time="0.001"/>
  <testcase name="multiplicando: 599" classname="CalculadoraTest" time="0.001"/>
  <testcase name="multiplicando: 600" classname="CalculadoraTest" time="0.002"/>
  <testcase name="multiplicando: 601" classname="CalculadoraTest" time="0.0"/>
  <testcase name="multiplicando: 602" classname="CalculadoraTest" time="0.0"/>
  <testcase name="multiplicando: 603" classname="CalculadoraTest" time="0.0"/>
  <testcase name="multiplicando: 604" classname="CalculadoraTest" time="0.0"/>
  <testcase name="multiplicando: 605" classname="CalculadoraTest" time="0.0"/>
  <testcase name="multiplicando: 606" classname="CalculadoraTest" time="0.0"/>
  <testcase name="multiplicando: 607" classname="CalculadoraTest" time="0.0"/>
  <testcase name="multiplicando: 608" classname="CalculadoraTest" time="0.001"/>
  <testcase name="multiplicando: 609" classname="CalculadoraTest" time="0.0"/>
  <testcase name="multiplicando: 610" classname="CalculadoraTest" time="0.0"/>
  <testcase name="multiplicando: 611" classname="CalculadoraTest" time="0.0"/>
  <testcase name="multiplicando: 612" classname="CalculadoraTest" time="0.0"/>
  <testcase name="multiplicando: 613" classname="CalculadoraTest" time="0.0"/>
  <testcase name="multiplicando: 614" classname="CalculadoraTest" time="0.0"/>
  <testcase name="multiplicando: 615" classname="CalculadoraTest" time="0.0"/>
  <testcase name="multiplicando: 616" classname="CalculadoraTest" time="0.0"/>
  <testcase name="multiplicando: 617" classname="CalculadoraTest" time="0.0"/>
  <testcase name="multiplicando: 618" classname="CalculadoraTest" time="0.0"/>
  <testcase name="multiplicando: 619" classname="CalculadoraTest" time="0.0"/>
  <testcase name="multiplicando: 620" classname="CalculadoraTest" time="0.0"/>
  <testcase name="multiplicando: 621" classname="CalculadoraTest" time="0.0"/>
  <testcase name="multiplicando: 622" classname="CalculadoraTest" time="0.0"/>
  <testcase name="multiplicando: 623" classname="CalculadoraTest" time="0.001"/>
  <testcase name="multiplicando: 624" classname="CalculadoraTest" time="0.001"/>
  <testcase name="multiplicando: 625" classname="CalculadoraTest" time="0.001"/>
  <testcase name="multiplicando: 626" classname="CalculadoraTest" time="0.001"/>
  <testcase name="multiplicando: 627" classname="CalculadoraTest" time="0.0"/>
  <testcase name="multiplicando: 628" classname="CalculadoraTest" time="0.0"/>
  <testcase name="multiplicando: 629" classname="CalculadoraTest" time="0.0"/>
  <testcase name="multiplicando: 630" classname="CalculadoraTest" time="0.0"/>
  <testcase name="multiplicando: 631" classname="CalculadoraTest" time="0.0"/>
  <testcase name="multiplicando: 632" classname="CalculadoraTest" time="0.001"/>
  <testcase name="multiplicando: 633" classname="CalculadoraTest" time="0.001"/>
  <testcase name="multiplicando: 634" classname="CalculadoraTest" time="0.001"/>
  <testcase name="multiplicando: 635" classname="CalculadoraTest" time="0.0"/>
  <testcase name="multiplicando: 636" classname="CalculadoraTest" time="0.001"/>
  <testcase name="multiplicando: 637" classname="CalculadoraTest" time="0.001"/>
  <testcase name="multiplicando: 638" classname="CalculadoraTest" time="0.001"/>
  <testcase name="multiplicando: 639" classname="CalculadoraTest" time="0.0"/>
  <testcase name="multiplicando: 640" classname="CalculadoraTest" time="0.001"/>
  <testcase name="multiplicando: 641" classname="CalculadoraTest" time="0.0"/>
  <testcase name="multiplicando: 642" classname="CalculadoraTest" time="0.0"/>
  <testcase name="multiplicando: 643" classname="CalculadoraTest" time="0.001"/>
  <testcase name="multiplicando: 644" classname="CalculadoraTest" time="0.001"/>
  <testcase name="multiplicando: 645" classname="CalculadoraTest" time="0.001"/>
  <testcase name="multiplicando: 646" classname="CalculadoraTest" time="0.0"/>
  <testcase name="multiplicando: 647" classname="CalculadoraTest" time="0.001"/>
  <testcase name="multiplicando: 648" classname="CalculadoraTest" time="0.001"/>
  <testcase name="multiplicando: 649" classname="CalculadoraTest" time="0.0"/>
  <testcase name="multiplicando: 650" classname="CalculadoraTest" time="0.0"/>
  <testcase name="multiplicando: 651" classname="CalculadoraTest" time="0.001"/>
  <testcase name="multiplicando: 652" classname="CalculadoraTest" time="0.0"/>
  <testcase name="multiplicando: 653" classname="CalculadoraTest" time="0.0"/>
  <testcase name="multiplicando: 654" classname="CalculadoraTest" time="0.001"/>
  <testcase name="multiplicando: 655" classname="CalculadoraTest" time="0.0"/>
  <testcase name="multiplicando: 656" classname="CalculadoraTest" time="0.001"/>
  <testcase name="multiplicando: 657" classname="CalculadoraTest" time="0.0"/>
  <testcase name="multiplicando: 658" classname="CalculadoraTest" time="0.0"/>
  <testcase name="multiplicando: 659" classname="CalculadoraTest" time="0.001"/>
  <testcase name="multiplicando: 660" classname="CalculadoraTest" time="0.001"/>
  <testcase name="multiplicando: 661" classname="CalculadoraTest" time="0.002"/>
  <testcase name="multiplicando: 662" classname="CalculadoraTest" time="0.005"/>
  <testcase name="multiplicando: 663" classname="CalculadoraTest" time="0.001"/>
  <testcase name="multiplicando: 664" classname="CalculadoraTest" time="0.001"/>
  <testcase name="multiplicando: 665" classname="CalculadoraTest" time="0.001"/>
  <testcase name="multiplicando: 666" classname="CalculadoraTest" time="0.001"/>
  <testcase name="multiplicando: 667" classname="CalculadoraTest" time="0.0"/>
  <testcase name="multiplicando: 668" classname="CalculadoraTest" time="0.0"/>
  <testcase name="multiplicando: 669" classname="CalculadoraTest" time="0.0"/>
  <testcase name="multiplicando: 670" classname="CalculadoraTest" time="0.0"/>
  <testcase name="multiplicando: 671" classname="CalculadoraTest" time="0.0"/>
  <testcase name="multiplicando: 672" classname="CalculadoraTest" time="0.0"/>
  <testcase name="multiplicando: 673" classname="CalculadoraTest" time="0.0"/>
  <testcase name="multiplicando: 674" classname="CalculadoraTest" time="0.001"/>
  <testcase name="multiplicando: 675" classname="CalculadoraTest" time="0.0"/>
  <testcase name="multiplicando: 676" classname="CalculadoraTest" time="0.0"/>
  <testcase name="multiplicando: 677" classname="CalculadoraTest" time="0.001"/>
  <testcase name="multiplicando: 678" classname="CalculadoraTest" time="0.0"/>
  <testcase name="multiplicando: 679" classname="CalculadoraTest" time="0.0"/>
  <testcase name="multiplicando: 680" classname="CalculadoraTest" time="0.001"/>
  <testcase name="multiplicando: 681" classname="CalculadoraTest" time="0.0"/>
  <testcase name="multiplicando: 682" classname="CalculadoraTest" time="0.0"/>
  <testcase name="multiplicando: 683" classname="CalculadoraTest" time="0.001"/>
  <testcase name="multiplicando: 684" classname="CalculadoraTest" time="0.0"/>
  <testcase name="multiplicando: 685" classname="CalculadoraTest" time="0.001"/>
  <testcase name="multiplicando: 686" classname="CalculadoraTest" time="0.011"/>
  <testcase name="multiplicando: 687" classname="CalculadoraTest" time="0.001"/>
  <testcase name="multiplicando: 688" classname="CalculadoraTest" time="0.001"/>
  <testcase name="multiplicando: 689" classname="CalculadoraTest" time="0.001"/>
  <testcase name="multiplicando: 690" classname="CalculadoraTest" time="0.001"/>
  <testcase name="multiplicando: 691" classname="CalculadoraTest" time="0.001"/>
  <testcase name="multiplicando: 692" classname="CalculadoraTest" time="0.001"/>
  <testcase name="multiplicando: 693" classname="CalculadoraTest" time="0.0"/>
  <testcase name="multiplicando: 694" classname="CalculadoraTest" time="0.0"/>
  <testcase name="multiplicando: 695" classname="CalculadoraTest" time="0.0"/>
  <testcase name="multiplicando: 696" classname="CalculadoraTest" time="0.0"/>
  <testcase name="multiplicando: 697" classname="CalculadoraTest" time="0.0"/>
  <testcase name="multiplicando: 698" classname="CalculadoraTest" time="0.0"/>
  <testcase name="multiplicando: 699" classname="CalculadoraTest" time="0.0"/>
  <testcase name="multiplicando: 700" classname="CalculadoraTest" time="0.001"/>
  <testcase name="multiplicando: 701" classname="CalculadoraTest" time="0.001"/>
  <testcase name="multiplicando: 702" classname="CalculadoraTest" time="0.001"/>
  <testcase name="multiplicando: 703" classname="CalculadoraTest" time="0.0"/>
  <testcase name="multiplicando: 704" classname="CalculadoraTest" time="0.0"/>
  <testcase name="multiplicando: 705" classname="CalculadoraTest" time="0.001"/>
  <testcase name="multiplicando: 706" classname="CalculadoraTest" time="0.0"/>
  <testcase name="multiplicando: 707" classname="CalculadoraTest" time="0.001"/>
  <testcase name="multiplicando: 708" classname="CalculadoraTest" time="0.001"/>
  <testcase name="multiplicando: 709" classname="CalculadoraTest" time="0.0"/>
  <testcase name="multiplicando: 710" classname="CalculadoraTest" time="0.0"/>
  <testcase name="multiplicando: 711" classname="CalculadoraTest" time="0.0"/>
  <testcase name="multiplicando: 712" classname="CalculadoraTest" time="0.0"/>
  <testcase name="multiplicando: 713" classname="CalculadoraTest" time="0.001"/>
  <testcase name="multiplicando: 714" classname="CalculadoraTest" time="0.001"/>
  <testcase name="multiplicando: 715" classname="CalculadoraTest" time="0.001"/>
  <testcase name="multiplicando: 716" classname="CalculadoraTest" time="0.001"/>
  <testcase name="multiplicando: 717" classname="CalculadoraTest" time="0.001"/>
  <testcase name="multiplicando: 718" classname="CalculadoraTest" time="0.021"/>
  <testcase name="multiplicando: 719" classname="CalculadoraTest" time="0.001"/>
  <testcase name="multiplicando: 720" classname="CalculadoraTest" time="0.0"/>
  <testcase name="multiplicando: 721" classname="CalculadoraTest" time="0.0"/>
  <testcase name="multiplicando: 722" classname="CalculadoraTest" time="0.001"/>
  <testcase name="multiplicando: 723" classname="CalculadoraTest" time="0.0"/>
  <testcase name="multiplicando: 724" classname="CalculadoraTest" time="0.0"/>
  <testcase name="multiplicando: 725" classname="CalculadoraTest" time="0.0"/>
  <testcase name="multiplicando: 726" classname="CalculadoraTest" time="0.0"/>
  <testcase name="multiplicando: 727" classname="CalculadoraTest" time="0.0"/>
  <testcase name="multiplicando: 728" classname="CalculadoraTest" time="0.0"/>
  <testcase name="multiplicando: 729" classname="CalculadoraTest" time="0.001"/>
  <testcase name="multiplicando: 730" classname="CalculadoraTest" time="0.001"/>
  <testcase name="multiplicando: 731" classname="CalculadoraTest" time="0.002"/>
  <testcase name="multiplicando: 732" classname="CalculadoraTest" time="0.0"/>
  <testcase name="multiplicando: 733" classname="CalculadoraTest" time="0.0"/>
  <testcase name="multiplicando: 734" classname="CalculadoraTest" time="0.001"/>
  <testcase name="multiplicando: 735" classname="CalculadoraTest" time="0.0"/>
  <testcase name="multiplicando: 736" classname="CalculadoraTest" time="0.0"/>
  <testcase name="multiplicando: 737" classname="CalculadoraTest" time="0.0"/>
  <testcase name="multiplicando: 738" classname="CalculadoraTest" time="0.0"/>
  <testcase name="multiplicando: 739" classname="CalculadoraTest" time="0.001"/>
  <testcase name="multiplicando: 740" classname="CalculadoraTest" time="0.001"/>
  <testcase name="multiplicando: 741" classname="CalculadoraTest" time="0.0"/>
  <testcase name="multiplicando: 742" classname="CalculadoraTest" time="0.0"/>
  <testcase name="multiplicando: 743" classname="CalculadoraTest" time="0.0"/>
  <testcase name="multiplicando: 744" classname="CalculadoraTest" time="0.0"/>
  <testcase name="multiplicando: 745" classname="CalculadoraTest" time="0.0"/>
  <testcase name="multiplicando: 746" classname="CalculadoraTest" time="0.0"/>
  <testcase name="multiplicando: 747" classname="CalculadoraTest" time="0.0"/>
  <testcase name="multiplicando: 748" classname="CalculadoraTest" time="0.0"/>
  <testcase name="multiplicando: 749" classname="CalculadoraTest" time="0.0"/>
  <testcase name="multiplicando: 750" classname="CalculadoraTest" time="0.001"/>
  <testcase name="multiplicando: 751" classname="CalculadoraTest" time="0.001"/>
  <testcase name="multiplicando: 752" classname="CalculadoraTest" time="0.001"/>
  <testcase name="multiplicando: 753" classname="CalculadoraTest" time="0.0"/>
  <testcase name="multiplicando: 754" classname="CalculadoraTest" time="0.0"/>
  <testcase name="multiplicando: 755" classname="CalculadoraTest" time="0.0"/>
  <testcase name="multiplicando: 756" classname="CalculadoraTest" time="0.001"/>
  <testcase name="multiplicando: 757" classname="CalculadoraTest" time="0.001"/>
  <testcase name="multiplicando: 758" classname="CalculadoraTest" time="0.001"/>
  <testcase name="multiplicando: 759" classname="CalculadoraTest" time="0.0"/>
  <testcase name="multiplicando: 760" classname="CalculadoraTest" time="0.0"/>
  <testcase name="multiplicando: 761" classname="CalculadoraTest" time="0.0"/>
  <testcase name="multiplicando: 762" classname="CalculadoraTest" time="0.0"/>
  <testcase name="multiplicando: 763" classname="CalculadoraTest" time="0.001"/>
  <testcase name="multiplicando: 764" classname="CalculadoraTest" time="0.0"/>
  <testcase name="multiplicando: 765" classname="CalculadoraTest" time="0.0"/>
  <testcase name="multiplicando: 766" classname="CalculadoraTest" time="0.001"/>
  <testcase name="multiplicando: 767" classname="CalculadoraTest" time="0.014"/>
  <testcase name="multiplicando: 768" classname="CalculadoraTest" time="0.001"/>
  <testcase name="multiplicando: 769" classname="CalculadoraTest" time="0.002"/>
  <testcase name="multiplicando: 770" classname="CalculadoraTest" time="0.0"/>
  <testcase name="multiplicando: 771" classname="CalculadoraTest" time="0.001"/>
  <testcase name="multiplicando: 772" classname="CalculadoraTest" time="0.0"/>
  <testcase name="multiplicando: 773" classname="CalculadoraTest" time="0.0"/>
  <testcase name="multiplicando: 774" classname="CalculadoraTest" time="0.0"/>
  <testcase name="multiplicando: 775" classname="CalculadoraTest" time="0.001"/>
  <testcase name="multiplicando: 776" classname="CalculadoraTest" time="0.001"/>
  <testcase name="multiplicando: 777" classname="CalculadoraTest" time="0.0"/>
  <testcase name="multiplicando: 778" classname="CalculadoraTest" time="0.0"/>
  <testcase name="multiplicando: 779" classname="CalculadoraTest" time="0.0"/>
  <testcase name="multiplicando: 780" classname="CalculadoraTest" time="0.002"/>
  <testcase name="multiplicando: 781" classname="CalculadoraTest" time="0.001"/>
  <testcase name="multiplicando: 782" classname="CalculadoraTest" time="0.001"/>
  <testcase name="multiplicando: 783" classname="CalculadoraTest" time="0.001"/>
  <testcase name="multiplicando: 784" classname="CalculadoraTest" time="0.0"/>
  <testcase name="multiplicando: 785" classname="CalculadoraTest" time="0.0"/>
  <testcase name="multiplicando: 786" classname="CalculadoraTest" time="0.0"/>
  <testcase name="multiplicando: 787" classname="CalculadoraTest" time="0.0"/>
  <testcase name="multiplicando: 788" classname="CalculadoraTest" time="0.001"/>
  <testcase name="multiplicando: 789" classname="CalculadoraTest" time="0.0"/>
  <testcase name="multiplicando: 790" classname="CalculadoraTest" time="0.001"/>
  <testcase name="multiplicando: 791" classname="CalculadoraTest" time="0.001"/>
  <testcase name="multiplicando: 792" classname="CalculadoraTest" time="0.001"/>
  <testcase name="multiplicando: 793" classname="CalculadoraTest" time="0.0"/>
  <testcase name="multiplicando: 794" classname="CalculadoraTest" time="0.0"/>
  <testcase name="multiplicando: 795" classname="CalculadoraTest" time="0.0"/>
  <testcase name="multiplicando: 796" classname="CalculadoraTest" time="0.0"/>
  <testcase name="multiplicando: 797" classname="CalculadoraTest" time="0.001"/>
  <testcase name="multiplicando: 798" classname="CalculadoraTest" time="0.001"/>
  <testcase name="multiplicando: 799" classname="CalculadoraTest" time="0.001"/>
  <testcase name="multiplicando: 800" classname="CalculadoraTest" time="0.001"/>
  <testcase name="multiplicando: 801" classname="CalculadoraTest" time="0.001"/>
  <testcase name="multiplicando: 802" classname="CalculadoraTest" time="0.001"/>
  <testcase name="multiplicando: 803" classname="CalculadoraTest" time="0.001"/>
  <testcase name="multiplicando: 804" classname="CalculadoraTest" time="0.001"/>
  <testcase name="multiplicando: 805" classname="CalculadoraTest" time="0.0"/>
  <testcase name="multiplicando: 806" classname="CalculadoraTest" time="0.0"/>
  <testcase name="multiplicando: 807" classname="CalculadoraTest" time="0.0"/>
  <testcase name="multiplicando: 808" classname="CalculadoraTest" time="0.0"/>
  <testcase name="multiplicando: 809" classname="CalculadoraTest" time="0.001"/>
  <testcase name="multiplicando: 810" classname="CalculadoraTest" time="0.0"/>
  <testcase name="multiplicando: 811" classname="CalculadoraTest" time="0.0"/>
  <testcase name="multiplicando: 812" classname="CalculadoraTest" time="0.0"/>
  <testcase name="multiplicando: 813" classname="CalculadoraTest" time="0.001"/>
  <testcase name="multiplicando: 814" classname="CalculadoraTest" time="0.0"/>
  <testcase name="multiplicando: 815" classname="CalculadoraTest" time="0.001"/>
  <testcase name="multiplicando: 816" classname="CalculadoraTest" time="0.0"/>
  <testcase name="multiplicando: 817" classname="CalculadoraTest" time="0.001"/>
  <testcase name="multiplicando: 818" classname="CalculadoraTest" time="0.0"/>
  <testcase name="multiplicando: 819" classname="CalculadoraTest" time="0.0"/>
  <testcase name="multiplicando: 820" classname="CalculadoraTest" time="0.0"/>
  <testcase name="multiplicando: 821" classname="CalculadoraTest" time="0.001"/>
  <testcase name="multiplicando: 822" classname="CalculadoraTest" time="0.0"/>
  <testcase name="multiplicando: 823" classname="CalculadoraTest" time="0.001"/>
  <testcase name="multiplicando: 824" classname="CalculadoraTest" time="0.0"/>
  <testcase name="multiplicando: 825" classname="CalculadoraTest" time="0.001"/>
  <testcase name="multiplicando: 826" classname="CalculadoraTest" time="0.0"/>
  <testcase name="multiplicando: 827" classname="CalculadoraTest" time="0.0"/>
  <testcase name="multiplicando: 828" classname="CalculadoraTest" time="0.001"/>
  <testcase name="multiplicando: 829" classname="CalculadoraTest" time="0.002"/>
  <testcase name="multiplicando: 830" classname="CalculadoraTest" time="0.001"/>
  <testcase name="multiplicando: 831" classname="CalculadoraTest" time="0.0"/>
  <testcase name="multiplicando: 832" classname="CalculadoraTest" time="0.001"/>
  <testcase name="multiplicando: 833" classname="CalculadoraTest" time="0.001"/>
  <testcase name="multiplicando: 834" classname="CalculadoraTest" time="0.0"/>
  <testcase name="multiplicando: 835" classname="CalculadoraTest" time="0.001"/>
  <testcase name="multiplicando: 836" classname="CalculadoraTest" time="0.0"/>
  <testcase name="multiplicando: 837" classname="CalculadoraTest" time="0.001"/>
  <testcase name="multiplicando: 838" classname="CalculadoraTest" time="0.001"/>
  <testcase name="multiplicando: 839" classname="CalculadoraTest" time="0.001"/>
  <testcase name="multiplicando: 840" classname="CalculadoraTest" time="0.001"/>
  <testcase name="multiplicando: 841" classname="CalculadoraTest" time="0.0"/>
  <testcase name="multiplicando: 842" classname="CalculadoraTest" time="0.001"/>
  <testcase name="multiplicando: 843" classname="CalculadoraTest" time="0.0"/>
  <testcase name="multiplicando: 844" classname="CalculadoraTest" time="0.0"/>
  <testcase name="multiplicando: 845" classname="CalculadoraTest" time="0.0"/>
  <testcase name="multiplicando: 846" classname="CalculadoraTest" time="0.0"/>
  <testcase name="multiplicando: 847" classname="CalculadoraTest" time="0.0"/>
  <testcase name="multiplicando: 848" classname="CalculadoraTest" time="0.0"/>
  <testcase name="multiplicando: 849" classname="CalculadoraTest" time="0.0"/>
  <testcase name="multiplicando: 850" classname="CalculadoraTest" time="0.0"/>
  <testcase name="multiplicando: 851" classname="CalculadoraTest" time="0.005"/>
  <testcase name="multiplicando: 852" classname="CalculadoraTest" time="0.001"/>
  <testcase name="multiplicando: 853" classname="CalculadoraTest" time="0.001"/>
  <testcase name="multiplicando: 854" classname="CalculadoraTest" time="0.001"/>
  <testcase name="multiplicando: 855" classname="CalculadoraTest" time="0.001"/>
  <testcase name="multiplicando: 856" classname="CalculadoraTest" time="0.011"/>
  <testcase name="multiplicando: 857" classname="CalculadoraTest" time="0.001"/>
  <testcase name="multiplicando: 858" classname="CalculadoraTest" time="0.001"/>
  <testcase name="multiplicando: 859" classname="CalculadoraTest" time="0.001"/>
  <testcase name="multiplicando: 860" classname="CalculadoraTest" time="0.0"/>
  <testcase name="multiplicando: 861" classname="CalculadoraTest" time="0.0"/>
  <testcase name="multiplicando: 862" classname="CalculadoraTest" time="0.0"/>
  <testcase name="multiplicando: 863" classname="CalculadoraTest" time="0.0"/>
  <testcase name="multiplicando: 864" classname="CalculadoraTest" time="0.0"/>
  <testcase name="multiplicando: 865" classname="CalculadoraTest" time="0.0"/>
  <testcase name="multiplicando: 866" classname="CalculadoraTest" time="0.0"/>
  <testcase name="multiplicando: 867" classname="CalculadoraTest" time="0.0"/>
  <testcase name="multiplicando: 868" classname="CalculadoraTest" time="0.0"/>
  <testcase name="multiplicando: 869" classname="CalculadoraTest" time="0.0"/>
  <testcase name="multiplicando: 870" classname="CalculadoraTest" time="0.0"/>
  <testcase name="multiplicando: 871" classname="CalculadoraTest" time="0.001"/>
  <testcase name="multiplicando: 872" classname="CalculadoraTest" time="0.001"/>
  <testcase name="multiplicando: 873" classname="CalculadoraTest" time="0.0"/>
  <testcase name="multiplicando: 874" classname="CalculadoraTest" time="0.0"/>
  <testcase name="multiplicando: 875" classname="CalculadoraTest" time="0.0"/>
  <testcase name="multiplicando: 876" classname="CalculadoraTest" time="0.001"/>
  <testcase name="multiplicando: 877" classname="CalculadoraTest" time="0.0"/>
  <testcase name="multiplicando: 878" classname="CalculadoraTest" time="0.001"/>
  <testcase name="multiplicando: 879" classname="CalculadoraTest" time="0.0"/>
  <testcase name="multiplicando: 880" classname="CalculadoraTest" time="0.001"/>
  <testcase name="multiplicando: 881" classname="CalculadoraTest" time="0.0"/>
  <testcase name="multiplicando: 882" classname="CalculadoraTest" time="0.0"/>
  <testcase name="multiplicando: 883" classname="CalculadoraTest" time="0.001"/>
  <testcase name="multiplicando: 884" classname="CalculadoraTest" time="0.0"/>
  <testcase name="multiplicando: 885" classname="CalculadoraTest" time="0.0"/>
  <testcase name="multiplicando: 886" classname="CalculadoraTest" time="0.001"/>
  <testcase name="multiplicando: 887" classname="CalculadoraTest" time="0.0"/>
  <testcase name="multiplicando: 888" classname="CalculadoraTest" time="0.001"/>
  <testcase name="multiplicando: 889" classname="CalculadoraTest" time="0.0"/>
  <testcase name="multiplicando: 890" classname="CalculadoraTest" time="0.0"/>
  <testcase name="multiplicando: 891" classname="CalculadoraTest" time="0.001"/>
  <testcase name="multiplicando: 892" classname="CalculadoraTest" time="0.001"/>
  <testcase name="multiplicando: 893" classname="CalculadoraTest" time="0.001"/>
  <testcase name="multiplicando: 894" classname="CalculadoraTest" time="0.002"/>
  <testcase name="multiplicando: 895" classname="CalculadoraTest" time="0.002"/>
  <testcase name="multiplicando: 896" classname="CalculadoraTest" time="0.001"/>
  <testcase name="multiplicando: 897" classname="CalculadoraTest" time="0.0"/>
  <testcase name="multiplicando: 898" classname="CalculadoraTest" time="0.0"/>
  <testcase name="multiplicando: 899" classname="CalculadoraTest" time="0.0"/>
  <testcase name="multiplicando: 900" classname="CalculadoraTest" time="0.0"/>
  <testcase name="multiplicando: 901" classname="CalculadoraTest" time="0.0"/>
  <testcase name="multiplicando: 902" classname="CalculadoraTest" time="0.001"/>
  <testcase name="multiplicando: 903" classname="CalculadoraTest" time="0.0"/>
  <testcase name="multiplicando: 904" classname="CalculadoraTest" time="0.0"/>
  <testcase name="multiplicando: 905" classname="CalculadoraTest" time="0.0"/>
  <testcase name="multiplicando: 906" classname="CalculadoraTest" time="0.001"/>
  <testcase name="multiplicando: 907" classname="CalculadoraTest" time="0.0"/>
  <testcase name="multiplicando: 908" classname="CalculadoraTest" time="0.0"/>
  <testcase name="multiplicando: 909" classname="CalculadoraTest" time="0.0"/>
  <testcase name="multiplicando: 910" classname="CalculadoraTest" time="0.0"/>
  <testcase name="multiplicando: 911" classname="CalculadoraTest" time="0.0"/>
  <testcase name="multiplicando: 912" classname="CalculadoraTest" time="0.0"/>
  <testcase name="multiplicando: 913" classname="CalculadoraTest" time="0.001"/>
  <testcase name="multiplicando: 914" classname="CalculadoraTest" time="0.0"/>
  <testcase name="multiplicando: 915" classname="CalculadoraTest" time="0.0"/>
  <testcase name="multiplicando: 916" classname="CalculadoraTest" time="0.0"/>
  <testcase name="multiplicando: 917" classname="CalculadoraTest" time="0.0"/>
  <testcase name="multiplicando: 918" classname="CalculadoraTest" time="0.0"/>
  <testcase name="multiplicando: 919" classname="CalculadoraTest" time="0.0"/>
  <testcase name="multiplicando: 920" classname="CalculadoraTest" time="0.0"/>
  <testcase name="multiplicando: 921" classname="CalculadoraTest" time="0.001"/>
  <testcase name="multiplicando: 922" classname="CalculadoraTest" time="0.0"/>
  <testcase name="multiplicando: 923" classname="CalculadoraTest" time="0.001"/>
  <testcase name="multiplicando: 924" classname="CalculadoraTest" time="0.0"/>
  <testcase name="multiplicando: 925" classname="CalculadoraTest" time="0.0"/>
  <testcase name="multiplicando: 926" classname="CalculadoraTest" time="0.0"/>
  <testcase name="multiplicando: 927" classname="CalculadoraTest" time="0.0"/>
  <testcase name="multiplicando: 928" classname="CalculadoraTest" time="0.0"/>
  <testcase name="multiplicando: 929" classname="CalculadoraTest" time="0.0"/>
  <testcase name="multiplicando: 930" classname="CalculadoraTest" time="0.0"/>
  <testcase name="multiplicando: 931" classname="CalculadoraTest" time="0.0"/>
  <testcase name="multiplicando: 932" classname="CalculadoraTest" time="0.001"/>
  <testcase name="multiplicando: 933" classname="CalculadoraTest" time="0.0"/>
  <testcase name="multiplicando: 934" classname="CalculadoraTest" time="0.0"/>
  <testcase name="multiplicando: 935" classname="CalculadoraTest" time="0.0"/>
  <testcase name="multiplicando: 936" classname="CalculadoraTest" time="0.0"/>
  <testcase name="multiplicando: 937" classname="CalculadoraTest" time="0.0"/>
  <testcase name="multiplicando: 938" classname="CalculadoraTest" time="0.0"/>
  <testcase name="multiplicando: 939" classname="CalculadoraTest" time="0.0"/>
  <testcase name="multiplicando: 940" classname="CalculadoraTest" time="0.0"/>
  <testcase name="multiplicando: 941" classname="CalculadoraTest" time="0.0"/>
  <testcase name="multiplicando: 942" classname="CalculadoraTest" time="0.001"/>
  <testcase name="multiplicando: 943" classname="CalculadoraTest" time="0.0"/>
  <testcase name="multiplicando: 944" classname="CalculadoraTest" time="0.0"/>
  <testcase name="multiplicando: 945" classname="CalculadoraTest" time="0.0"/>
  <testcase name="multiplicando: 946" classname="CalculadoraTest" time="0.0"/>
  <testcase name="multiplicando: 947" classname="CalculadoraTest" time="0.0"/>
  <testcase name="multiplicando: 948" classname="CalculadoraTest" time="0.0"/>
  <testcase name="multiplicando: 949" classname="CalculadoraTest" time="0.0"/>
  <testcase name="multiplicando: 950" classname="CalculadoraTest" time="0.0"/>
  <testcase name="multiplicando: 951" classname="CalculadoraTest" time="0.0"/>
  <testcase name="multiplicando: 952" classname="CalculadoraTest" time="0.0"/>
  <testcase name="multiplicando: 953" classname="CalculadoraTest" time="0.0"/>
  <testcase name="multiplicando: 954" classname="CalculadoraTest" time="0.0"/>
  <testcase name="multiplicando: 955" classname="CalculadoraTest" time="0.0"/>
  <testcase name="multiplicando: 956" classname="CalculadoraTest" time="0.001"/>
  <testcase name="multiplicando: 957" classname="CalculadoraTest" time="0.0"/>
  <testcase name="multiplicando: 958" classname="CalculadoraTest" time="0.0"/>
  <testcase name="multiplicando: 959" classname="CalculadoraTest" time="0.0"/>
  <testcase name="multiplicando: 960" classname="CalculadoraTest" time="0.001"/>
  <testcase name="multiplicando: 961" classname="CalculadoraTest" time="0.0"/>
  <testcase name="multiplicando: 962" classname="CalculadoraTest" time="0.0"/>
  <testcase name="multiplicando: 963" classname="CalculadoraTest" time="0.001"/>
  <testcase name="multiplicando: 964" classname="CalculadoraTest" time="0.0"/>
  <testcase name="multiplicando: 965" classname="CalculadoraTest" time="0.0"/>
  <testcase name="multiplicando: 966" classname="CalculadoraTest" time="0.0"/>
  <testcase name="multiplicando: 967" classname="CalculadoraTest" time="0.0"/>
  <testcase name="multiplicando: 968" classname="CalculadoraTest" time="0.0"/>
  <testcase name="multiplicando: 969" classname="CalculadoraTest" time="0.0"/>
  <testcase name="multiplicando: 970" classname="CalculadoraTest" time="0.0"/>
  <testcase name="multiplicando: 971" classname="CalculadoraTest" time="0.0"/>
  <testcase name="multiplicando: 972" classname="CalculadoraTest" time="0.001"/>
  <testcase name="multiplicando: 973" classname="CalculadoraTest" time="0.0"/>
  <testcase name="multiplicando: 974" classname="CalculadoraTest" time="0.0"/>
  <testcase name="multiplicando: 975" classname="CalculadoraTest" time="0.001"/>
  <testcase name="multiplicando: 976" classname="CalculadoraTest" time="0.0"/>
  <testcase name="multiplicando: 977" classname="CalculadoraTest" time="0.0"/>
  <testcase name="multiplicando: 978" classname="CalculadoraTest" time="0.0"/>
  <testcase name="multiplicando: 979" classname="CalculadoraTest" time="0.0"/>
  <testcase name="multiplicando: 980" classname="CalculadoraTest" time="0.001"/>
  <testcase name="multiplicando: 981" classname="CalculadoraTest" time="0.0"/>
  <testcase name="multiplicando: 982" classname="CalculadoraTest" time="0.0"/>
  <testcase name="multiplicando: 983" classname="CalculadoraTest" time="0.0"/>
  <testcase name="multiplicando: 984" classname="CalculadoraTest" time="0.0"/>
  <testcase name="multiplicando: 985" classname="CalculadoraTest" time="0.0"/>
  <testcase name="multiplicando: 986" classname="CalculadoraTest" time="0.0"/>
  <testcase name="multiplicando: 987" classname="CalculadoraTest" time="0.0"/>
  <testcase name="multiplicando: 988" classname="CalculadoraTest" time="0.0"/>
  <testcase name="multiplicando: 989" classname="CalculadoraTest" time="0.0"/>
  <testcase name="multiplicando: 990" classname="CalculadoraTest" time="0.001"/>
  <testcase name="multiplicando: 991" classname="CalculadoraTest" time="0.0"/>
  <testcase name="multiplicando: 992" classname="CalculadoraTest" time="0.001"/>
  <testcase name="multiplicando: 993" classname="CalculadoraTest" time="0.0"/>
  <testcase name="multiplicando: 994" classname="CalculadoraTest" time="0.0"/>
  <testcase name="multiplicando: 995" classname="CalculadoraTest" time="0.0"/>
  <testcase name="multiplicando: 996" classname="CalculadoraTest" time="0.002"/>
  <testcase name="multiplicando: 997" classname="CalculadoraTest" time="0.002"/>
  <testcase name="multiplicando: 998" classname="CalculadoraTest" time="0.001"/>
  <testcase name="multiplicando: 999" classname="CalculadoraTest" time="0.0"/>
  <system-out><![CDATA[]]></system-out>
  <system-err><![CDATA[]]></system-err>
</testsuite>
